[ 2018-03-27T11:04:21+08:00 ] ::1 /master/
INFO: [ app_init ] --START--
INFO: Run Behavior\BuildLiteBehavior [ RunTime:0.000000s ]
INFO: [ app_init ] --END-- [ RunTime:0.001000s ]
INFO: [ app_begin ] --START--
INFO: Run Behavior\ReadHtmlCacheBehavior [ RunTime:0.002000s ]
INFO: [ app_begin ] --END-- [ RunTime:0.002000s ]
INFO: [ action_begin ] --START--
ERR: SQLSTATE[HY000] [1045] Access denied for user 'root'@'localhost' (using password: YES)

[ 2018-03-27T11:05:31+08:00 ] ::1 /master/
INFO: [ app_init ] --START--
INFO: Run Behavior\BuildLiteBehavior [ RunTime:0.000000s ]
INFO: [ app_init ] --END-- [ RunTime:0.001000s ]
INFO: [ app_begin ] --START--
INFO: Run Behavior\ReadHtmlCacheBehavior [ RunTime:0.001000s ]
INFO: [ app_begin ] --END-- [ RunTime:0.001000s ]
INFO: [ action_begin ] --START--
SQL: SHOW COLUMNS FROM `admin_auth_rule` [ RunTime:0.0090s ]
SQL: SELECT * FROM `admin_auth_rule` WHERE `menu_name` = 'Index/index' AND `status` = 1 LIMIT 1   [ RunTime:0.0010s ]
INFO: Run Admin\Behaviors\OptionRecordBehavior [ RunTime:1.047060s ]
INFO: [ action_begin ] --END-- [ RunTime:1.047060s ]

[ 2018-03-27T11:05:33+08:00 ] ::1 /master/index.php/Login/login.html
INFO: [ app_init ] --START--
INFO: Run Behavior\BuildLiteBehavior [ RunTime:0.000000s ]
INFO: [ app_init ] --END-- [ RunTime:0.001000s ]
INFO: [ app_begin ] --START--
INFO: Run Behavior\ReadHtmlCacheBehavior [ RunTime:0.001000s ]
INFO: [ app_begin ] --END-- [ RunTime:0.001000s ]
INFO: [ action_begin ] --START--
SQL: SHOW COLUMNS FROM `admin_auth_rule` [ RunTime:0.0110s ]
SQL: SELECT * FROM `admin_auth_rule` WHERE `menu_name` = 'Login/login' AND `status` = 1 LIMIT 1   [ RunTime:0.0010s ]
INFO: Run Admin\Behaviors\OptionRecordBehavior [ RunTime:1.049060s ]
INFO: [ action_begin ] --END-- [ RunTime:1.049060s ]
INFO: [ view_parse ] --START--
INFO: [ template_filter ] --START--
INFO: Run Behavior\ContentReplaceBehavior [ RunTime:0.001000s ]
INFO: [ template_filter ] --END-- [ RunTime:0.001000s ]
INFO: Run Behavior\ParseTemplateBehavior [ RunTime:0.019001s ]
INFO: [ view_parse ] --END-- [ RunTime:0.019001s ]
INFO: [ view_filter ] --START--
INFO: Run Behavior\WriteHtmlCacheBehavior [ RunTime:0.001000s ]
INFO: [ view_filter ] --END-- [ RunTime:0.001000s ]
INFO: [ app_end ] --START--
INFO: Run Behavior\ShowPageTraceBehavior [ RunTime:0.003000s ]
INFO: [ app_end ] --END-- [ RunTime:0.003000s ]

[ 2018-03-27T11:05:33+08:00 ] ::1 /master/Public/Images/login-bg-1.jpg
INFO: [ app_init ] --START--
INFO: Run Behavior\BuildLiteBehavior [ RunTime:0.000000s ]
INFO: [ app_init ] --END-- [ RunTime:0.004000s ]

[ 2018-03-27T11:05:34+08:00 ] ::1 /master/index.php/Login/verify.html
INFO: [ app_init ] --START--
INFO: Run Behavior\BuildLiteBehavior [ RunTime:0.000000s ]
INFO: [ app_init ] --END-- [ RunTime:0.001000s ]
INFO: [ app_begin ] --START--
INFO: Run Behavior\ReadHtmlCacheBehavior [ RunTime:0.002000s ]
INFO: [ app_begin ] --END-- [ RunTime:0.002000s ]
INFO: [ action_begin ] --START--
SQL: SHOW COLUMNS FROM `admin_auth_rule` [ RunTime:0.0090s ]
SQL: SELECT * FROM `admin_auth_rule` WHERE `menu_name` = 'Login/verify' AND `status` = 1 LIMIT 1   [ RunTime:0.0010s ]
INFO: Run Admin\Behaviors\OptionRecordBehavior [ RunTime:1.056060s ]
INFO: [ action_begin ] --END-- [ RunTime:1.056060s ]
INFO: [ app_end ] --START--
INFO: Run Behavior\ShowPageTraceBehavior [ RunTime:0.002000s ]
INFO: [ app_end ] --END-- [ RunTime:0.002000s ]

[ 2018-03-27T11:05:48+08:00 ] ::1 /master/index.php/Login/doLogin.html
INFO: [ app_init ] --START--
INFO: Run Behavior\BuildLiteBehavior [ RunTime:0.000000s ]
INFO: [ app_init ] --END-- [ RunTime:0.006001s ]
INFO: [ app_begin ] --START--
INFO: Run Behavior\ReadHtmlCacheBehavior [ RunTime:0.002000s ]
INFO: [ app_begin ] --END-- [ RunTime:0.002000s ]
INFO: [ action_begin ] --START--
SQL: SHOW COLUMNS FROM `admin_auth_rule` [ RunTime:0.0090s ]
SQL: SELECT * FROM `admin_auth_rule` WHERE `menu_name` = 'Login/doLogin' AND `status` = 1 LIMIT 1   [ RunTime:0.0010s ]
INFO: Run Admin\Behaviors\OptionRecordBehavior [ RunTime:1.040059s ]
INFO: [ action_begin ] --END-- [ RunTime:1.040059s ]

[ 2018-03-27T11:05:50+08:00 ] ::1 /master/index.php/Login/verify.html?0.8985391878471104
INFO: [ app_init ] --START--
INFO: Run Behavior\BuildLiteBehavior [ RunTime:0.000000s ]
INFO: [ app_init ] --END-- [ RunTime:0.002000s ]
INFO: [ app_begin ] --START--
INFO: Run Behavior\ReadHtmlCacheBehavior [ RunTime:0.002000s ]
INFO: [ app_begin ] --END-- [ RunTime:0.002000s ]
INFO: [ action_begin ] --START--
SQL: SHOW COLUMNS FROM `admin_auth_rule` [ RunTime:0.0080s ]
SQL: SELECT * FROM `admin_auth_rule` WHERE `menu_name` = 'Login/verify' AND `status` = 1 LIMIT 1   [ RunTime:0.0010s ]
INFO: Run Admin\Behaviors\OptionRecordBehavior [ RunTime:1.066061s ]
INFO: [ action_begin ] --END-- [ RunTime:1.066061s ]
INFO: [ app_end ] --START--
INFO: Run Behavior\ShowPageTraceBehavior [ RunTime:0.001000s ]
INFO: [ app_end ] --END-- [ RunTime:0.001000s ]

[ 2018-03-27T11:05:56+08:00 ] ::1 /master/index.php/Login/doLogin.html
INFO: [ app_init ] --START--
INFO: Run Behavior\BuildLiteBehavior [ RunTime:0.000000s ]
INFO: [ app_init ] --END-- [ RunTime:0.001000s ]
INFO: [ app_begin ] --START--
INFO: Run Behavior\ReadHtmlCacheBehavior [ RunTime:0.001000s ]
INFO: [ app_begin ] --END-- [ RunTime:0.001000s ]
INFO: [ action_begin ] --START--
SQL: SHOW COLUMNS FROM `admin_auth_rule` [ RunTime:0.0090s ]
SQL: SELECT * FROM `admin_auth_rule` WHERE `menu_name` = 'Login/doLogin' AND `status` = 1 LIMIT 1   [ RunTime:0.0010s ]
INFO: Run Admin\Behaviors\OptionRecordBehavior [ RunTime:1.045059s ]
INFO: [ action_begin ] --END-- [ RunTime:1.045059s ]
SQL: SHOW COLUMNS FROM `admin_user` [ RunTime:0.0090s ]
SQL: SELECT * FROM `admin_user` WHERE `user_name` = 'admin' AND `password` = 'e10adc3949ba59abbe56e057f20f883e' AND `status` = 1 LIMIT 1   [ RunTime:0.0000s ]
SQL: UPDATE `admin_user` SET `lastlogin_time`='1522119956' WHERE `id` = 15 [ RunTime:0.0410s ]

[ 2018-03-27T11:05:57+08:00 ] ::1 /master/index.php/Index/index.html
INFO: [ app_init ] --START--
INFO: Run Behavior\BuildLiteBehavior [ RunTime:0.000000s ]
INFO: [ app_init ] --END-- [ RunTime:0.001000s ]
INFO: [ app_begin ] --START--
INFO: Run Behavior\ReadHtmlCacheBehavior [ RunTime:0.001000s ]
INFO: [ app_begin ] --END-- [ RunTime:0.001000s ]
INFO: [ action_begin ] --START--
SQL: SHOW COLUMNS FROM `admin_auth_rule` [ RunTime:0.0090s ]
SQL: SELECT * FROM `admin_auth_rule` WHERE `menu_name` = 'Index/index' AND `status` = 1 LIMIT 1   [ RunTime:0.0010s ]
INFO: Run Admin\Behaviors\OptionRecordBehavior [ RunTime:1.038059s ]
INFO: [ action_begin ] --END-- [ RunTime:1.038059s ]
SQL: SHOW COLUMNS FROM `admin_auth_group_access` [ RunTime:0.0100s ]
SQL: SELECT b.rules FROM admin_auth_group_access a LEFT JOIN admin_auth_group b ON b.id=a.group_id  WHERE a.uid = '15'  [ RunTime:0.0010s ]
SQL: SHOW COLUMNS FROM `admin_auth_rule` [ RunTime:0.0090s ]
SQL: SELECT * FROM `admin_auth_rule` WHERE `id` IN ('2','36','14','21','24','25','26','27','22','28','29','30','31','23','32','33','34','35') AND `is_menu` = 1 AND `status` = 1  [ RunTime:0.0010s ]
INFO: [ view_parse ] --START--
INFO: [ template_filter ] --START--
INFO: Run Behavior\ContentReplaceBehavior [ RunTime:0.000000s ]
INFO: [ template_filter ] --END-- [ RunTime:0.000000s ]
INFO: Run Behavior\ParseTemplateBehavior [ RunTime:0.027001s ]
INFO: [ view_parse ] --END-- [ RunTime:0.027001s ]
INFO: [ view_filter ] --START--
INFO: Run Behavior\WriteHtmlCacheBehavior [ RunTime:0.002001s ]
INFO: [ view_filter ] --END-- [ RunTime:0.002001s ]
INFO: [ app_end ] --START--
INFO: Run Behavior\ShowPageTraceBehavior [ RunTime:0.001000s ]
INFO: [ app_end ] --END-- [ RunTime:0.001000s ]

[ 2018-03-27T11:05:59+08:00 ] ::1 /master/index.php/Index/main.html
INFO: [ app_init ] --START--
INFO: Run Behavior\BuildLiteBehavior [ RunTime:0.000000s ]
INFO: [ app_init ] --END-- [ RunTime:0.001000s ]
INFO: [ app_begin ] --START--
INFO: Run Behavior\ReadHtmlCacheBehavior [ RunTime:0.002000s ]
INFO: [ app_begin ] --END-- [ RunTime:0.002000s ]
INFO: [ action_begin ] --START--
SQL: SHOW COLUMNS FROM `admin_auth_rule` [ RunTime:0.0100s ]
SQL: SELECT * FROM `admin_auth_rule` WHERE `menu_name` = 'Index/main' AND `status` = 1 LIMIT 1   [ RunTime:0.0010s ]
INFO: Run Admin\Behaviors\OptionRecordBehavior [ RunTime:1.059060s ]
INFO: [ action_begin ] --END-- [ RunTime:1.059060s ]
INFO: [ view_parse ] --START--
INFO: [ template_filter ] --START--
INFO: Run Behavior\ContentReplaceBehavior [ RunTime:0.000000s ]
INFO: [ template_filter ] --END-- [ RunTime:0.001000s ]
INFO: Run Behavior\ParseTemplateBehavior [ RunTime:0.015001s ]
INFO: [ view_parse ] --END-- [ RunTime:0.015001s ]
INFO: [ view_filter ] --START--
INFO: Run Behavior\WriteHtmlCacheBehavior [ RunTime:0.002000s ]
INFO: [ view_filter ] --END-- [ RunTime:0.002000s ]
INFO: [ app_end ] --START--
INFO: Run Behavior\ShowPageTraceBehavior [ RunTime:0.004001s ]
INFO: [ app_end ] --END-- [ RunTime:0.004001s ]

[ 2018-03-27T11:06:04+08:00 ] ::1 /master/index.php/AuthGroup/authGroupList.html
INFO: [ app_init ] --START--
INFO: Run Behavior\BuildLiteBehavior [ RunTime:0.000000s ]
INFO: [ app_init ] --END-- [ RunTime:0.003000s ]
INFO: [ app_begin ] --START--
INFO: Run Behavior\ReadHtmlCacheBehavior [ RunTime:0.002000s ]
INFO: [ app_begin ] --END-- [ RunTime:0.002000s ]
INFO: [ action_begin ] --START--
SQL: SHOW COLUMNS FROM `admin_auth_rule` [ RunTime:0.0090s ]
SQL: SELECT * FROM `admin_auth_rule` WHERE `menu_name` = 'AuthGroup/authGroupList' AND `status` = 1 LIMIT 1   [ RunTime:0.0010s ]
INFO: Run Admin\Behaviors\OptionRecordBehavior [ RunTime:1.048060s ]
INFO: [ action_begin ] --END-- [ RunTime:1.048060s ]
SQL: SHOW COLUMNS FROM `admin_auth_group_access` [ RunTime:0.0100s ]
SQL: SELECT `uid`,`group_id`,`title`,`rules` FROM admin_auth_group_access a INNER JOIN admin_auth_group g on a.group_id=g.id  WHERE ( a.uid='15' and g.status='1' )  [ RunTime:0.0010s ]
SQL: SHOW COLUMNS FROM `admin_auth_rule` [ RunTime:0.0090s ]
SQL: SELECT `condition`,`menu_name` FROM `admin_auth_rule` WHERE `id` IN ('2','36','14','21','24','25','26','27','22','28','29','30','31','23','32','33','34','35') AND `type` = 1 AND `status` = 1  [ RunTime:0.0000s ]
SQL: SHOW COLUMNS FROM `admin_auth_group` [ RunTime:0.0090s ]
SQL: SELECT COUNT(*) AS tp_count FROM `admin_auth_group` WHERE `status` = 1 LIMIT 1   [ RunTime:0.0000s ]
SQL: SELECT * FROM `admin_auth_group` WHERE `status` = 1 ORDER BY is_manage DESC,id DESC LIMIT 0,15   [ RunTime:0.0010s ]
INFO: [ view_parse ] --START--
INFO: [ template_filter ] --START--
INFO: Run Behavior\ContentReplaceBehavior [ RunTime:0.000000s ]
INFO: [ template_filter ] --END-- [ RunTime:0.000000s ]
INFO: Run Behavior\ParseTemplateBehavior [ RunTime:0.020001s ]
INFO: [ view_parse ] --END-- [ RunTime:0.020001s ]
INFO: [ view_filter ] --START--
INFO: Run Behavior\WriteHtmlCacheBehavior [ RunTime:0.001000s ]
INFO: [ view_filter ] --END-- [ RunTime:0.001000s ]
INFO: [ app_end ] --START--
INFO: Run Behavior\ShowPageTraceBehavior [ RunTime:0.002000s ]
INFO: [ app_end ] --END-- [ RunTime:0.002000s ]

[ 2018-03-27T11:06:12+08:00 ] ::1 /master/index.php/Menu/index.html
INFO: [ app_init ] --START--
INFO: Run Behavior\BuildLiteBehavior [ RunTime:0.000000s ]
INFO: [ app_init ] --END-- [ RunTime:0.001000s ]
INFO: [ app_begin ] --START--
INFO: Run Behavior\ReadHtmlCacheBehavior [ RunTime:0.001000s ]
INFO: [ app_begin ] --END-- [ RunTime:0.002000s ]
INFO: [ action_begin ] --START--
SQL: SHOW COLUMNS FROM `admin_auth_rule` [ RunTime:0.0090s ]
SQL: SELECT * FROM `admin_auth_rule` WHERE `menu_name` = 'Menu/index' AND `status` = 1 LIMIT 1   [ RunTime:0.0010s ]
INFO: Run Admin\Behaviors\OptionRecordBehavior [ RunTime:1.045060s ]
INFO: [ action_begin ] --END-- [ RunTime:1.045060s ]
SQL: SHOW COLUMNS FROM `admin_auth_group_access` [ RunTime:0.0090s ]
SQL: SELECT `uid`,`group_id`,`title`,`rules` FROM admin_auth_group_access a INNER JOIN admin_auth_group g on a.group_id=g.id  WHERE ( a.uid='15' and g.status='1' )  [ RunTime:0.0010s ]
SQL: SHOW COLUMNS FROM `admin_auth_rule` [ RunTime:0.0090s ]
SQL: SELECT `condition`,`menu_name` FROM `admin_auth_rule` WHERE `id` IN ('2','36','14','21','24','25','26','27','22','28','29','30','31','23','32','33','34','35') AND `type` = 1 AND `status` = 1  [ RunTime:0.0010s ]
SQL: SELECT * FROM `admin_auth_rule` WHERE `status` = 1 AND `is_menu` = 1  [ RunTime:0.0010s ]
INFO: [ view_parse ] --START--
INFO: [ template_filter ] --START--
INFO: Run Behavior\ContentReplaceBehavior [ RunTime:0.000000s ]
INFO: [ template_filter ] --END-- [ RunTime:0.000000s ]
NOTIC: [8] Undefined offset: 1 D:\phpStudy\PHPTutorial\WWW\master\Application\Runtime\Cache\Admin\b956215329b6f9aca22277599a4efdfc.php 第 40 行.
NOTIC: [8] Undefined offset: 1 D:\phpStudy\PHPTutorial\WWW\master\Application\Runtime\Cache\Admin\b956215329b6f9aca22277599a4efdfc.php 第 40 行.
NOTIC: [8] Undefined variable: page D:\phpStudy\PHPTutorial\WWW\master\Application\Runtime\Cache\Admin\b956215329b6f9aca22277599a4efdfc.php 第 59 行.
INFO: Run Behavior\ParseTemplateBehavior [ RunTime:0.021002s ]
INFO: [ view_parse ] --END-- [ RunTime:0.021002s ]
INFO: [ view_filter ] --START--
INFO: Run Behavior\WriteHtmlCacheBehavior [ RunTime:0.002000s ]
INFO: [ view_filter ] --END-- [ RunTime:0.002000s ]
INFO: [ app_end ] --START--
INFO: Run Behavior\ShowPageTraceBehavior [ RunTime:0.002000s ]
INFO: [ app_end ] --END-- [ RunTime:0.002000s ]

[ 2018-03-27T11:06:19+08:00 ] ::1 /master/index.php/User/index.html
INFO: [ app_init ] --START--
INFO: Run Behavior\BuildLiteBehavior [ RunTime:0.000000s ]
INFO: [ app_init ] --END-- [ RunTime:0.001000s ]
INFO: [ app_begin ] --START--
INFO: Run Behavior\ReadHtmlCacheBehavior [ RunTime:0.001000s ]
INFO: [ app_begin ] --END-- [ RunTime:0.001000s ]
INFO: [ action_begin ] --START--
SQL: SHOW COLUMNS FROM `admin_auth_rule` [ RunTime:0.0090s ]
SQL: SELECT * FROM `admin_auth_rule` WHERE `menu_name` = 'User/index' AND `status` = 1 LIMIT 1   [ RunTime:0.0010s ]
INFO: Run Admin\Behaviors\OptionRecordBehavior [ RunTime:1.040059s ]
INFO: [ action_begin ] --END-- [ RunTime:1.040059s ]
SQL: SHOW COLUMNS FROM `admin_auth_group_access` [ RunTime:0.0090s ]
SQL: SELECT `uid`,`group_id`,`title`,`rules` FROM admin_auth_group_access a INNER JOIN admin_auth_group g on a.group_id=g.id  WHERE ( a.uid='15' and g.status='1' )  [ RunTime:0.0010s ]
SQL: SHOW COLUMNS FROM `admin_auth_rule` [ RunTime:0.0090s ]
SQL: SELECT `condition`,`menu_name` FROM `admin_auth_rule` WHERE `id` IN ('2','36','14','21','24','25','26','27','22','28','29','30','31','23','32','33','34','35') AND `type` = 1 AND `status` = 1  [ RunTime:0.0000s ]
SQL: SHOW COLUMNS FROM `admin_user` [ RunTime:0.0090s ]
SQL: SELECT COUNT(*) AS tp_count FROM `admin_user` WHERE `status` = 1 LIMIT 1   [ RunTime:0.0010s ]
SQL: SELECT * FROM `admin_user` WHERE `status` = 1 LIMIT 0,10   [ RunTime:0.0010s ]
INFO: [ view_parse ] --START--
INFO: [ template_filter ] --START--
INFO: Run Behavior\ContentReplaceBehavior [ RunTime:0.000000s ]
INFO: [ template_filter ] --END-- [ RunTime:0.000000s ]
INFO: Run Behavior\ParseTemplateBehavior [ RunTime:0.021001s ]
INFO: [ view_parse ] --END-- [ RunTime:0.021001s ]
INFO: [ view_filter ] --START--
INFO: Run Behavior\WriteHtmlCacheBehavior [ RunTime:0.001000s ]
INFO: [ view_filter ] --END-- [ RunTime:0.001000s ]
INFO: [ app_end ] --START--
INFO: Run Behavior\ShowPageTraceBehavior [ RunTime:0.002000s ]
INFO: [ app_end ] --END-- [ RunTime:0.002000s ]

[ 2018-03-27T11:06:41+08:00 ] ::1 /master/index.php/AuthGroup/ruleGroup/role_id/27.html
INFO: [ app_init ] --START--
INFO: Run Behavior\BuildLiteBehavior [ RunTime:0.000000s ]
INFO: [ app_init ] --END-- [ RunTime:0.001000s ]
INFO: [ app_begin ] --START--
INFO: Run Behavior\ReadHtmlCacheBehavior [ RunTime:0.001001s ]
INFO: [ app_begin ] --END-- [ RunTime:0.001001s ]
INFO: [ action_begin ] --START--
SQL: SHOW COLUMNS FROM `admin_auth_rule` [ RunTime:0.0090s ]
SQL: SELECT * FROM `admin_auth_rule` WHERE `menu_name` = 'AuthGroup/ruleGroup' AND `status` = 1 LIMIT 1   [ RunTime:0.0010s ]
INFO: Run Admin\Behaviors\OptionRecordBehavior [ RunTime:1.046060s ]
INFO: [ action_begin ] --END-- [ RunTime:1.046060s ]
SQL: SHOW COLUMNS FROM `admin_auth_group_access` [ RunTime:0.0090s ]
SQL: SELECT `uid`,`group_id`,`title`,`rules` FROM admin_auth_group_access a INNER JOIN admin_auth_group g on a.group_id=g.id  WHERE ( a.uid='15' and g.status='1' )  [ RunTime:0.0010s ]
SQL: SHOW COLUMNS FROM `admin_auth_rule` [ RunTime:0.0090s ]
SQL: SELECT `condition`,`menu_name` FROM `admin_auth_rule` WHERE `id` IN ('2','36','14','21','24','25','26','27','22','28','29','30','31','23','32','33','34','35') AND `type` = 1 AND `status` = 1  [ RunTime:0.0010s ]
SQL: SHOW COLUMNS FROM `admin_auth_group` [ RunTime:0.0100s ]
SQL: SELECT * FROM `admin_auth_rule` WHERE `status` = 1  [ RunTime:0.0010s ]
SQL: SELECT * FROM `admin_auth_group` WHERE `id` = 27 AND `status` = 1 LIMIT 1   [ RunTime:0.0000s ]
INFO: [ view_parse ] --START--
INFO: [ template_filter ] --START--
INFO: Run Behavior\ContentReplaceBehavior [ RunTime:0.000000s ]
INFO: [ template_filter ] --END-- [ RunTime:0.000000s ]
INFO: Run Behavior\ParseTemplateBehavior [ RunTime:0.024001s ]
INFO: [ view_parse ] --END-- [ RunTime:0.025001s ]
INFO: [ view_filter ] --START--
INFO: Run Behavior\WriteHtmlCacheBehavior [ RunTime:0.001000s ]
INFO: [ view_filter ] --END-- [ RunTime:0.001000s ]
INFO: [ app_end ] --START--
INFO: Run Behavior\ShowPageTraceBehavior [ RunTime:0.002000s ]
INFO: [ app_end ] --END-- [ RunTime:0.002000s ]

[ 2018-03-27T11:07:06+08:00 ] ::1 /master/index.php/Race/index.html
INFO: [ app_init ] --START--
INFO: Run Behavior\BuildLiteBehavior [ RunTime:0.000000s ]
INFO: [ app_init ] --END-- [ RunTime:0.001000s ]
INFO: [ app_begin ] --START--
INFO: Run Behavior\ReadHtmlCacheBehavior [ RunTime:0.003000s ]
INFO: [ app_begin ] --END-- [ RunTime:0.004000s ]
ERR: 无法加载控制器:Race

[ 2018-03-27T11:08:20+08:00 ] ::1 /master/index.php/Menu/index.html
INFO: [ app_init ] --START--
INFO: Run Behavior\BuildLiteBehavior [ RunTime:0.001000s ]
INFO: [ app_init ] --END-- [ RunTime:0.004000s ]
INFO: [ app_begin ] --START--
INFO: Run Behavior\ReadHtmlCacheBehavior [ RunTime:0.011001s ]
INFO: [ app_begin ] --END-- [ RunTime:0.011001s ]
INFO: [ action_begin ] --START--
SQL: SHOW COLUMNS FROM `admin_auth_rule` [ RunTime:0.0090s ]
SQL: SELECT * FROM `admin_auth_rule` WHERE `menu_name` = 'Menu/index' AND `status` = 1 LIMIT 1   [ RunTime:0.0010s ]
NOTIC: [8] Undefined index: user_name D:\phpStudy\PHPTutorial\WWW\master\Application\Admin\Behaviors\OptionRecordBehavior.class.php 第 18 行.
INFO: Run Admin\Behaviors\OptionRecordBehavior [ RunTime:1.070061s ]
INFO: [ action_begin ] --END-- [ RunTime:1.070061s ]
SQL: SHOW COLUMNS FROM `admin_auth_group_access` [ RunTime:0.0090s ]
SQL: SELECT `uid`,`group_id`,`title`,`rules` FROM admin_auth_group_access a INNER JOIN admin_auth_group g on a.group_id=g.id  WHERE ( a.uid='1' and g.status='1' )  [ RunTime:0.0010s ]
INFO: [ view_parse ] --START--
INFO: [ template_filter ] --START--
INFO: Run Behavior\ContentReplaceBehavior [ RunTime:0.000000s ]
INFO: [ template_filter ] --END-- [ RunTime:0.000000s ]
INFO: Run Behavior\ParseTemplateBehavior [ RunTime:0.023002s ]
INFO: [ view_parse ] --END-- [ RunTime:0.023002s ]
INFO: [ view_filter ] --START--
INFO: Run Behavior\WriteHtmlCacheBehavior [ RunTime:0.003000s ]
INFO: [ view_filter ] --END-- [ RunTime:0.003000s ]

[ 2018-03-27T11:08:23+08:00 ] ::1 /master/index.php/Login/verify.html
INFO: [ app_init ] --START--
INFO: Run Behavior\BuildLiteBehavior [ RunTime:0.000000s ]
INFO: [ app_init ] --END-- [ RunTime:0.002000s ]
INFO: [ app_begin ] --START--
INFO: Run Behavior\ReadHtmlCacheBehavior [ RunTime:0.022001s ]
INFO: [ app_begin ] --END-- [ RunTime:0.022001s ]
INFO: [ action_begin ] --START--
SQL: SHOW COLUMNS FROM `admin_auth_rule` [ RunTime:0.0130s ]
SQL: SELECT * FROM `admin_auth_rule` WHERE `menu_name` = 'Login/verify' AND `status` = 1 LIMIT 1   [ RunTime:0.0010s ]
NOTIC: [8] Undefined index: user_name D:\phpStudy\PHPTutorial\WWW\master\Application\Admin\Behaviors\OptionRecordBehavior.class.php 第 18 行.
INFO: Run Admin\Behaviors\OptionRecordBehavior [ RunTime:1.083062s ]
INFO: [ action_begin ] --END-- [ RunTime:1.083062s ]
INFO: [ app_end ] --START--
INFO: Run Behavior\ShowPageTraceBehavior [ RunTime:0.004001s ]
INFO: [ app_end ] --END-- [ RunTime:0.004001s ]

[ 2018-03-27T11:10:39+08:00 ] ::1 /master/index.php/Login/doLogin.html
INFO: [ app_init ] --START--
INFO: Run Behavior\BuildLiteBehavior [ RunTime:0.000000s ]
INFO: [ app_init ] --END-- [ RunTime:0.001000s ]
INFO: [ app_begin ] --START--
INFO: Run Behavior\ReadHtmlCacheBehavior [ RunTime:0.003000s ]
INFO: [ app_begin ] --END-- [ RunTime:0.003000s ]
INFO: [ action_begin ] --START--
SQL: SHOW COLUMNS FROM `admin_auth_rule` [ RunTime:0.0150s ]
SQL: SELECT * FROM `admin_auth_rule` WHERE `menu_name` = 'Login/doLogin' AND `status` = 1 LIMIT 1   [ RunTime:0.0010s ]
NOTIC: [8] Undefined index: user_name D:\phpStudy\PHPTutorial\WWW\master\Application\Admin\Behaviors\OptionRecordBehavior.class.php 第 18 行.
INFO: Run Admin\Behaviors\OptionRecordBehavior [ RunTime:1.080062s ]
INFO: [ action_begin ] --END-- [ RunTime:1.081062s ]
SQL: SHOW COLUMNS FROM `admin_user` [ RunTime:0.0190s ]
SQL: SELECT * FROM `admin_user` WHERE `user_name` = 'admin' AND `password` = 'e10adc3949ba59abbe56e057f20f883e' AND `status` = 1 LIMIT 1   [ RunTime:0.0010s ]
SQL: UPDATE `admin_user` SET `lastlogin_time`='1522120239' WHERE `id` = 15 [ RunTime:0.0260s ]

[ 2018-03-27T11:10:40+08:00 ] ::1 /master/index.php/Index/index.html
INFO: [ app_init ] --START--
INFO: Run Behavior\BuildLiteBehavior [ RunTime:0.000000s ]
INFO: [ app_init ] --END-- [ RunTime:0.001000s ]
INFO: [ app_begin ] --START--
INFO: Run Behavior\ReadHtmlCacheBehavior [ RunTime:0.002000s ]
INFO: [ app_begin ] --END-- [ RunTime:0.003000s ]
INFO: [ action_begin ] --START--
SQL: SHOW COLUMNS FROM `admin_auth_rule` [ RunTime:0.0170s ]
SQL: SELECT * FROM `admin_auth_rule` WHERE `menu_name` = 'Index/index' AND `status` = 1 LIMIT 1   [ RunTime:0.0010s ]
INFO: Run Admin\Behaviors\OptionRecordBehavior [ RunTime:1.069061s ]
INFO: [ action_begin ] --END-- [ RunTime:1.069061s ]
SQL: SHOW COLUMNS FROM `admin_auth_group_access` [ RunTime:0.0150s ]
SQL: SELECT b.rules FROM admin_auth_group_access a LEFT JOIN admin_auth_group b ON b.id=a.group_id  WHERE a.uid = '15'  [ RunTime:0.0000s ]
SQL: SHOW COLUMNS FROM `admin_auth_rule` [ RunTime:0.0190s ]
SQL: SELECT * FROM `admin_auth_rule` WHERE `id` IN ('2','36','14','21','24','25','26','27','22','28','29','30','31','23','32','33','34','35') AND `is_menu` = 1 AND `status` = 1  [ RunTime:0.0010s ]
INFO: [ view_parse ] --START--
INFO: [ template_filter ] --START--
INFO: Run Behavior\ContentReplaceBehavior [ RunTime:0.000000s ]
INFO: [ template_filter ] --END-- [ RunTime:0.000000s ]
INFO: Run Behavior\ParseTemplateBehavior [ RunTime:0.029002s ]
INFO: [ view_parse ] --END-- [ RunTime:0.029002s ]
INFO: [ view_filter ] --START--
INFO: Run Behavior\WriteHtmlCacheBehavior [ RunTime:0.002000s ]
INFO: [ view_filter ] --END-- [ RunTime:0.002000s ]
INFO: [ app_end ] --START--
INFO: Run Behavior\ShowPageTraceBehavior [ RunTime:0.003000s ]
INFO: [ app_end ] --END-- [ RunTime:0.003000s ]

[ 2018-03-27T11:10:42+08:00 ] ::1 /master/index.php/Index/main.html
INFO: [ app_init ] --START--
INFO: Run Behavior\BuildLiteBehavior [ RunTime:0.000000s ]
INFO: [ app_init ] --END-- [ RunTime:0.004001s ]
INFO: [ app_begin ] --START--
INFO: Run Behavior\ReadHtmlCacheBehavior [ RunTime:0.002000s ]
INFO: [ app_begin ] --END-- [ RunTime:0.002000s ]
INFO: [ action_begin ] --START--
SQL: SHOW COLUMNS FROM `admin_auth_rule` [ RunTime:0.0180s ]
SQL: SELECT * FROM `admin_auth_rule` WHERE `menu_name` = 'Index/main' AND `status` = 1 LIMIT 1   [ RunTime:0.0010s ]
INFO: Run Admin\Behaviors\OptionRecordBehavior [ RunTime:1.063061s ]
INFO: [ action_begin ] --END-- [ RunTime:1.063061s ]
INFO: [ view_parse ] --START--
INFO: [ template_filter ] --START--
INFO: Run Behavior\ContentReplaceBehavior [ RunTime:0.000000s ]
INFO: [ template_filter ] --END-- [ RunTime:0.000000s ]
INFO: Run Behavior\ParseTemplateBehavior [ RunTime:0.024002s ]
INFO: [ view_parse ] --END-- [ RunTime:0.024002s ]
INFO: [ view_filter ] --START--
INFO: Run Behavior\WriteHtmlCacheBehavior [ RunTime:0.002000s ]
INFO: [ view_filter ] --END-- [ RunTime:0.002000s ]
INFO: [ app_end ] --START--
INFO: Run Behavior\ShowPageTraceBehavior [ RunTime:0.002000s ]
INFO: [ app_end ] --END-- [ RunTime:0.002000s ]

[ 2018-03-27T11:10:45+08:00 ] ::1 /master/index.php/Menu/index.html
INFO: [ app_init ] --START--
INFO: Run Behavior\BuildLiteBehavior [ RunTime:0.000000s ]
INFO: [ app_init ] --END-- [ RunTime:0.001000s ]
INFO: [ app_begin ] --START--
INFO: Run Behavior\ReadHtmlCacheBehavior [ RunTime:0.002000s ]
INFO: [ app_begin ] --END-- [ RunTime:0.002000s ]
INFO: [ action_begin ] --START--
SQL: SHOW COLUMNS FROM `admin_auth_rule` [ RunTime:0.0150s ]
SQL: SELECT * FROM `admin_auth_rule` WHERE `menu_name` = 'Menu/index' AND `status` = 1 LIMIT 1   [ RunTime:0.0010s ]
INFO: Run Admin\Behaviors\OptionRecordBehavior [ RunTime:1.080062s ]
INFO: [ action_begin ] --END-- [ RunTime:1.080062s ]
SQL: SHOW COLUMNS FROM `admin_auth_group_access` [ RunTime:0.0140s ]
SQL: SELECT `uid`,`group_id`,`title`,`rules` FROM admin_auth_group_access a INNER JOIN admin_auth_group g on a.group_id=g.id  WHERE ( a.uid='15' and g.status='1' )  [ RunTime:0.0010s ]
SQL: SHOW COLUMNS FROM `admin_auth_rule` [ RunTime:0.0160s ]
SQL: SELECT `condition`,`menu_name` FROM `admin_auth_rule` WHERE `id` IN ('2','36','14','21','24','25','26','27','22','28','29','30','31','23','32','33','34','35') AND `type` = 1 AND `status` = 1  [ RunTime:0.0010s ]
SQL: SELECT * FROM `admin_auth_rule` WHERE `status` = 1 AND `is_menu` = 1  [ RunTime:0.0000s ]
INFO: [ view_parse ] --START--
INFO: [ template_filter ] --START--
INFO: Run Behavior\ContentReplaceBehavior [ RunTime:0.000000s ]
INFO: [ template_filter ] --END-- [ RunTime:0.000000s ]
NOTIC: [8] Undefined offset: 1 D:\phpStudy\PHPTutorial\WWW\master\Application\Runtime\Cache\Admin\b956215329b6f9aca22277599a4efdfc.php 第 40 行.
NOTIC: [8] Undefined offset: 1 D:\phpStudy\PHPTutorial\WWW\master\Application\Runtime\Cache\Admin\b956215329b6f9aca22277599a4efdfc.php 第 40 行.
NOTIC: [8] Undefined variable: page D:\phpStudy\PHPTutorial\WWW\master\Application\Runtime\Cache\Admin\b956215329b6f9aca22277599a4efdfc.php 第 59 行.
INFO: Run Behavior\ParseTemplateBehavior [ RunTime:0.024002s ]
INFO: [ view_parse ] --END-- [ RunTime:0.024002s ]
INFO: [ view_filter ] --START--
INFO: Run Behavior\WriteHtmlCacheBehavior [ RunTime:0.001000s ]
INFO: [ view_filter ] --END-- [ RunTime:0.001000s ]
INFO: [ app_end ] --START--
INFO: Run Behavior\ShowPageTraceBehavior [ RunTime:0.002000s ]
INFO: [ app_end ] --END-- [ RunTime:0.002000s ]

[ 2018-03-27T11:10:48+08:00 ] ::1 /master/index.php/User/index.html
INFO: [ app_init ] --START--
INFO: Run Behavior\BuildLiteBehavior [ RunTime:0.000000s ]
INFO: [ app_init ] --END-- [ RunTime:0.001000s ]
INFO: [ app_begin ] --START--
INFO: Run Behavior\ReadHtmlCacheBehavior [ RunTime:0.002001s ]
INFO: [ app_begin ] --END-- [ RunTime:0.002001s ]
INFO: [ action_begin ] --START--
SQL: SHOW COLUMNS FROM `admin_auth_rule` [ RunTime:0.0170s ]
SQL: SELECT * FROM `admin_auth_rule` WHERE `menu_name` = 'User/index' AND `status` = 1 LIMIT 1   [ RunTime:0.0010s ]
INFO: Run Admin\Behaviors\OptionRecordBehavior [ RunTime:1.060060s ]
INFO: [ action_begin ] --END-- [ RunTime:1.060060s ]
SQL: SHOW COLUMNS FROM `admin_auth_group_access` [ RunTime:0.0170s ]
SQL: SELECT `uid`,`group_id`,`title`,`rules` FROM admin_auth_group_access a INNER JOIN admin_auth_group g on a.group_id=g.id  WHERE ( a.uid='15' and g.status='1' )  [ RunTime:0.0010s ]
SQL: SHOW COLUMNS FROM `admin_auth_rule` [ RunTime:0.0170s ]
SQL: SELECT `condition`,`menu_name` FROM `admin_auth_rule` WHERE `id` IN ('2','36','14','21','24','25','26','27','22','28','29','30','31','23','32','33','34','35') AND `type` = 1 AND `status` = 1  [ RunTime:0.0010s ]
SQL: SHOW COLUMNS FROM `admin_user` [ RunTime:0.0190s ]
SQL: SELECT COUNT(*) AS tp_count FROM `admin_user` WHERE `status` = 1 LIMIT 1   [ RunTime:0.0010s ]
SQL: SELECT * FROM `admin_user` WHERE `status` = 1 LIMIT 0,10   [ RunTime:0.0010s ]
INFO: [ view_parse ] --START--
INFO: [ template_filter ] --START--
INFO: Run Behavior\ContentReplaceBehavior [ RunTime:0.000000s ]
INFO: [ template_filter ] --END-- [ RunTime:0.000000s ]
INFO: Run Behavior\ParseTemplateBehavior [ RunTime:0.024002s ]
INFO: [ view_parse ] --END-- [ RunTime:0.024002s ]
INFO: [ view_filter ] --START--
INFO: Run Behavior\WriteHtmlCacheBehavior [ RunTime:0.002000s ]
INFO: [ view_filter ] --END-- [ RunTime:0.002000s ]
INFO: [ app_end ] --START--
INFO: Run Behavior\ShowPageTraceBehavior [ RunTime:0.003000s ]
INFO: [ app_end ] --END-- [ RunTime:0.003000s ]

[ 2018-03-27T11:10:52+08:00 ] ::1 /master/index.php/AuthGroup/authGroupList.html
INFO: [ app_init ] --START--
INFO: Run Behavior\BuildLiteBehavior [ RunTime:0.000000s ]
INFO: [ app_init ] --END-- [ RunTime:0.001000s ]
INFO: [ app_begin ] --START--
INFO: Run Behavior\ReadHtmlCacheBehavior [ RunTime:0.003001s ]
INFO: [ app_begin ] --END-- [ RunTime:0.003001s ]
INFO: [ action_begin ] --START--
SQL: SHOW COLUMNS FROM `admin_auth_rule` [ RunTime:0.0140s ]
SQL: SELECT * FROM `admin_auth_rule` WHERE `menu_name` = 'AuthGroup/authGroupList' AND `status` = 1 LIMIT 1   [ RunTime:0.0010s ]
INFO: Run Admin\Behaviors\OptionRecordBehavior [ RunTime:1.071061s ]
INFO: [ action_begin ] --END-- [ RunTime:1.071061s ]
SQL: SHOW COLUMNS FROM `admin_auth_group_access` [ RunTime:0.0140s ]
SQL: SELECT `uid`,`group_id`,`title`,`rules` FROM admin_auth_group_access a INNER JOIN admin_auth_group g on a.group_id=g.id  WHERE ( a.uid='15' and g.status='1' )  [ RunTime:0.0000s ]
SQL: SHOW COLUMNS FROM `admin_auth_rule` [ RunTime:0.0220s ]
SQL: SELECT `condition`,`menu_name` FROM `admin_auth_rule` WHERE `id` IN ('2','36','14','21','24','25','26','27','22','28','29','30','31','23','32','33','34','35') AND `type` = 1 AND `status` = 1  [ RunTime:0.0010s ]
SQL: SHOW COLUMNS FROM `admin_auth_group` [ RunTime:0.0160s ]
SQL: SELECT COUNT(*) AS tp_count FROM `admin_auth_group` WHERE `status` = 1 LIMIT 1   [ RunTime:0.0000s ]
SQL: SELECT * FROM `admin_auth_group` WHERE `status` = 1 ORDER BY is_manage DESC,id DESC LIMIT 0,15   [ RunTime:0.0010s ]
INFO: [ view_parse ] --START--
INFO: [ template_filter ] --START--
INFO: Run Behavior\ContentReplaceBehavior [ RunTime:0.000000s ]
INFO: [ template_filter ] --END-- [ RunTime:0.000000s ]
INFO: Run Behavior\ParseTemplateBehavior [ RunTime:0.024002s ]
INFO: [ view_parse ] --END-- [ RunTime:0.024002s ]
INFO: [ view_filter ] --START--
INFO: Run Behavior\WriteHtmlCacheBehavior [ RunTime:0.002000s ]
INFO: [ view_filter ] --END-- [ RunTime:0.002000s ]
INFO: [ app_end ] --START--
INFO: Run Behavior\ShowPageTraceBehavior [ RunTime:0.003000s ]
INFO: [ app_end ] --END-- [ RunTime:0.003000s ]

[ 2018-03-27T11:12:08+08:00 ] ::1 /master/index.php/Menu/editMenu.html?id=36
INFO: [ app_init ] --START--
INFO: Run Behavior\BuildLiteBehavior [ RunTime:0.001000s ]
INFO: [ app_init ] --END-- [ RunTime:0.001000s ]
INFO: [ app_begin ] --START--
INFO: Run Behavior\ReadHtmlCacheBehavior [ RunTime:0.003000s ]
INFO: [ app_begin ] --END-- [ RunTime:0.003000s ]
INFO: [ action_begin ] --START--
SQL: SHOW COLUMNS FROM `admin_auth_rule` [ RunTime:0.0090s ]
SQL: SELECT * FROM `admin_auth_rule` WHERE `menu_name` = 'Menu/editMenu' AND `status` = 1 LIMIT 1   [ RunTime:0.0010s ]
INFO: Run Admin\Behaviors\OptionRecordBehavior [ RunTime:1.055061s ]
INFO: [ action_begin ] --END-- [ RunTime:1.055061s ]
SQL: SHOW COLUMNS FROM `admin_auth_group_access` [ RunTime:0.0080s ]
SQL: SELECT `uid`,`group_id`,`title`,`rules` FROM admin_auth_group_access a INNER JOIN admin_auth_group g on a.group_id=g.id  WHERE ( a.uid='15' and g.status='1' )  [ RunTime:0.0010s ]
SQL: SHOW COLUMNS FROM `admin_auth_rule` [ RunTime:0.0090s ]
SQL: SELECT `condition`,`menu_name` FROM `admin_auth_rule` WHERE `id` IN ('2','36','14','21','24','25','26','27','22','28','29','30','31','23','32','33','34','35') AND `type` = 1 AND `status` = 1  [ RunTime:0.0010s ]
SQL: SELECT * FROM `admin_auth_rule` WHERE `id` = 36 LIMIT 1   [ RunTime:0.0000s ]
INFO: [ view_parse ] --START--
INFO: [ template_filter ] --START--
INFO: Run Behavior\ContentReplaceBehavior [ RunTime:0.000000s ]
INFO: [ template_filter ] --END-- [ RunTime:0.000000s ]
INFO: Run Behavior\ParseTemplateBehavior [ RunTime:0.019001s ]
INFO: [ view_parse ] --END-- [ RunTime:0.019001s ]
INFO: [ view_filter ] --START--
INFO: Run Behavior\WriteHtmlCacheBehavior [ RunTime:0.001000s ]
INFO: [ view_filter ] --END-- [ RunTime:0.001000s ]
INFO: [ app_end ] --START--
INFO: Run Behavior\ShowPageTraceBehavior [ RunTime:0.002000s ]
INFO: [ app_end ] --END-- [ RunTime:0.002000s ]

[ 2018-03-27T11:12:29+08:00 ] ::1 /master/index.php/Menu/viewOpt.html?id=36
INFO: [ app_init ] --START--
INFO: Run Behavior\BuildLiteBehavior [ RunTime:0.000000s ]
INFO: [ app_init ] --END-- [ RunTime:0.001000s ]
INFO: [ app_begin ] --START--
INFO: Run Behavior\ReadHtmlCacheBehavior [ RunTime:0.002000s ]
INFO: [ app_begin ] --END-- [ RunTime:0.002000s ]
INFO: [ action_begin ] --START--
SQL: SHOW COLUMNS FROM `admin_auth_rule` [ RunTime:0.0080s ]
SQL: SELECT * FROM `admin_auth_rule` WHERE `menu_name` = 'Menu/viewOpt' AND `status` = 1 LIMIT 1   [ RunTime:0.0010s ]
INFO: Run Admin\Behaviors\OptionRecordBehavior [ RunTime:1.054061s ]
INFO: [ action_begin ] --END-- [ RunTime:1.054061s ]
SQL: SHOW COLUMNS FROM `admin_auth_group_access` [ RunTime:0.0090s ]
SQL: SELECT `uid`,`group_id`,`title`,`rules` FROM admin_auth_group_access a INNER JOIN admin_auth_group g on a.group_id=g.id  WHERE ( a.uid='15' and g.status='1' )  [ RunTime:0.0010s ]
SQL: SHOW COLUMNS FROM `admin_auth_rule` [ RunTime:0.0080s ]
SQL: SELECT `condition`,`menu_name` FROM `admin_auth_rule` WHERE `id` IN ('2','36','14','21','24','25','26','27','22','28','29','30','31','23','32','33','34','35') AND `type` = 1 AND `status` = 1  [ RunTime:0.0010s ]
SQL: SELECT * FROM `admin_auth_rule` WHERE `pid` = 36 AND `status` = 1  [ RunTime:0.0010s ]

[ 2018-03-27T11:12:33+08:00 ] ::1 /master/index.php/Menu/viewOpt.html?id=21
INFO: [ app_init ] --START--
INFO: Run Behavior\BuildLiteBehavior [ RunTime:0.000000s ]
INFO: [ app_init ] --END-- [ RunTime:0.001000s ]
INFO: [ app_begin ] --START--
INFO: Run Behavior\ReadHtmlCacheBehavior [ RunTime:0.002000s ]
INFO: [ app_begin ] --END-- [ RunTime:0.002000s ]
INFO: [ action_begin ] --START--
SQL: SHOW COLUMNS FROM `admin_auth_rule` [ RunTime:0.0090s ]
SQL: SELECT * FROM `admin_auth_rule` WHERE `menu_name` = 'Menu/viewOpt' AND `status` = 1 LIMIT 1   [ RunTime:0.0010s ]
INFO: Run Admin\Behaviors\OptionRecordBehavior [ RunTime:1.050060s ]
INFO: [ action_begin ] --END-- [ RunTime:1.050060s ]
SQL: SHOW COLUMNS FROM `admin_auth_group_access` [ RunTime:0.0080s ]
SQL: SELECT `uid`,`group_id`,`title`,`rules` FROM admin_auth_group_access a INNER JOIN admin_auth_group g on a.group_id=g.id  WHERE ( a.uid='15' and g.status='1' )  [ RunTime:0.0000s ]
SQL: SHOW COLUMNS FROM `admin_auth_rule` [ RunTime:0.0080s ]
SQL: SELECT `condition`,`menu_name` FROM `admin_auth_rule` WHERE `id` IN ('2','36','14','21','24','25','26','27','22','28','29','30','31','23','32','33','34','35') AND `type` = 1 AND `status` = 1  [ RunTime:0.0010s ]
SQL: SELECT * FROM `admin_auth_rule` WHERE `pid` = 21 AND `status` = 1  [ RunTime:0.0010s ]
INFO: [ view_parse ] --START--
INFO: [ template_filter ] --START--
INFO: Run Behavior\ContentReplaceBehavior [ RunTime:0.000000s ]
INFO: [ template_filter ] --END-- [ RunTime:0.000000s ]
INFO: Run Behavior\ParseTemplateBehavior [ RunTime:0.020001s ]
INFO: [ view_parse ] --END-- [ RunTime:0.020001s ]
INFO: [ view_filter ] --START--
INFO: Run Behavior\WriteHtmlCacheBehavior [ RunTime:0.002000s ]
INFO: [ view_filter ] --END-- [ RunTime:0.002000s ]
INFO: [ app_end ] --START--
INFO: Run Behavior\ShowPageTraceBehavior [ RunTime:0.002001s ]
INFO: [ app_end ] --END-- [ RunTime:0.002001s ]

[ 2018-03-27T11:12:43+08:00 ] ::1 /master/index.php/Menu/viewOpt.html?id=21
INFO: [ app_init ] --START--
INFO: Run Behavior\BuildLiteBehavior [ RunTime:0.000000s ]
INFO: [ app_init ] --END-- [ RunTime:0.001000s ]
INFO: [ app_begin ] --START--
INFO: Run Behavior\ReadHtmlCacheBehavior [ RunTime:0.002000s ]
INFO: [ app_begin ] --END-- [ RunTime:0.003000s ]
INFO: [ action_begin ] --START--
SQL: SHOW COLUMNS FROM `admin_auth_rule` [ RunTime:0.0090s ]
SQL: SELECT * FROM `admin_auth_rule` WHERE `menu_name` = 'Menu/viewOpt' AND `status` = 1 LIMIT 1   [ RunTime:0.0010s ]
INFO: Run Admin\Behaviors\OptionRecordBehavior [ RunTime:1.049060s ]
INFO: [ action_begin ] --END-- [ RunTime:1.050060s ]
SQL: SHOW COLUMNS FROM `admin_auth_group_access` [ RunTime:0.0080s ]
SQL: SELECT `uid`,`group_id`,`title`,`rules` FROM admin_auth_group_access a INNER JOIN admin_auth_group g on a.group_id=g.id  WHERE ( a.uid='15' and g.status='1' )  [ RunTime:0.0010s ]
SQL: SHOW COLUMNS FROM `admin_auth_rule` [ RunTime:0.0080s ]
SQL: SELECT `condition`,`menu_name` FROM `admin_auth_rule` WHERE `id` IN ('2','36','14','21','24','25','26','27','22','28','29','30','31','23','32','33','34','35') AND `type` = 1 AND `status` = 1  [ RunTime:0.0010s ]
SQL: SELECT * FROM `admin_auth_rule` WHERE `pid` = 21 AND `status` = 1  [ RunTime:0.0010s ]
INFO: [ view_parse ] --START--
INFO: [ template_filter ] --START--
INFO: Run Behavior\ContentReplaceBehavior [ RunTime:0.001000s ]
INFO: [ template_filter ] --END-- [ RunTime:0.001000s ]
INFO: Run Behavior\ParseTemplateBehavior [ RunTime:0.020001s ]
INFO: [ view_parse ] --END-- [ RunTime:0.020001s ]
INFO: [ view_filter ] --START--
INFO: Run Behavior\WriteHtmlCacheBehavior [ RunTime:0.001000s ]
INFO: [ view_filter ] --END-- [ RunTime:0.002000s ]
INFO: [ app_end ] --START--
INFO: Run Behavior\ShowPageTraceBehavior [ RunTime:0.002000s ]
INFO: [ app_end ] --END-- [ RunTime:0.002000s ]

[ 2018-03-27T11:13:19+08:00 ] ::1 /master/index.php/Menu/addMenu.html?id=0
INFO: [ app_init ] --START--
INFO: Run Behavior\BuildLiteBehavior [ RunTime:0.000000s ]
INFO: [ app_init ] --END-- [ RunTime:0.001000s ]
INFO: [ app_begin ] --START--
INFO: Run Behavior\ReadHtmlCacheBehavior [ RunTime:0.003001s ]
INFO: [ app_begin ] --END-- [ RunTime:0.003001s ]
INFO: [ action_begin ] --START--
SQL: SHOW COLUMNS FROM `admin_auth_rule` [ RunTime:0.0090s ]
SQL: SELECT * FROM `admin_auth_rule` WHERE `menu_name` = 'Menu/addMenu' AND `status` = 1 LIMIT 1   [ RunTime:0.0010s ]
INFO: Run Admin\Behaviors\OptionRecordBehavior [ RunTime:1.056060s ]
INFO: [ action_begin ] --END-- [ RunTime:1.056060s ]
SQL: SHOW COLUMNS FROM `admin_auth_group_access` [ RunTime:0.0080s ]
SQL: SELECT `uid`,`group_id`,`title`,`rules` FROM admin_auth_group_access a INNER JOIN admin_auth_group g on a.group_id=g.id  WHERE ( a.uid='15' and g.status='1' )  [ RunTime:0.0000s ]
SQL: SHOW COLUMNS FROM `admin_auth_rule` [ RunTime:0.0080s ]
SQL: SELECT `condition`,`menu_name` FROM `admin_auth_rule` WHERE `id` IN ('2','36','14','21','24','25','26','27','22','28','29','30','31','23','32','33','34','35') AND `type` = 1 AND `status` = 1  [ RunTime:0.0000s ]
INFO: [ view_parse ] --START--
INFO: [ template_filter ] --START--
INFO: Run Behavior\ContentReplaceBehavior [ RunTime:0.000000s ]
INFO: [ template_filter ] --END-- [ RunTime:0.000000s ]
INFO: Run Behavior\ParseTemplateBehavior [ RunTime:0.017001s ]
INFO: [ view_parse ] --END-- [ RunTime:0.018001s ]
INFO: [ view_filter ] --START--
INFO: Run Behavior\WriteHtmlCacheBehavior [ RunTime:0.001000s ]
INFO: [ view_filter ] --END-- [ RunTime:0.001000s ]
INFO: [ app_end ] --START--
INFO: Run Behavior\ShowPageTraceBehavior [ RunTime:0.002000s ]
INFO: [ app_end ] --END-- [ RunTime:0.003000s ]

